<?xml version="1.0" encoding="utf-8"?><testsuites name="pytest tests"><testsuite name="pytest" errors="0" failures="0" skipped="0" tests="3" time="0.073" timestamp="2026-09-02T16:35:47.596107+03:00" hostname="UA-4VL9Z94"><testcase classname="lesson_31.test_log_event.TestLogEventFunc" name="test_log_event_expired" time="0.005" /><testcase classname="lesson_31.test_log_event.TestLogEventFunc" name="test_log_event_failed" time="0.003" /><testcase classname="lesson_31.test_log_event.TestLogEventFunc" name="test_log_event_success" time="0.003" /></testsuite></testsuites>